<?xml version="1.0" encoding="UTF-8"?>
<!-- Generated by org.testng.reporters.JUnitXMLReporter -->
<testsuite hostname="DELL-PC" ignored="0" name="Test" tests="9" failures="0" timestamp="02 Aug 2019 06:07:27 GMT" time="106.424" errors="0">
  <testcase name="@AfterMethod teardown" time="0.0" classname="TestScripts.TestScript1">
    <failure type="java.lang.AssertionError" message="The following asserts failed:
	expected [Find a Flight: Mercury Tours] but found [Find a Flight: Mercury Tours:]">
      <![CDATA[java.lang.AssertionError: The following asserts failed:
expected [Find a Flight: Mercury Tours] but found [Find a Flight: Mercury Tours:]
at TestScripts.TestScript1.teardown(TestScript1.java:32)
... Removed 29 stack frames]]>
    </failure>
  </testcase> <!-- @AfterMethod teardown -->
  <testcase name="@BeforeMethod setup" time="0.0" classname="TestScripts.TestScript1">
    <skipped/>
  </testcase> <!-- @BeforeMethod setup -->
  <testcase name="@AfterMethod teardown" time="0.0" classname="TestScripts.TestScript1">
    <skipped/>
  </testcase> <!-- @AfterMethod teardown -->
  <testcase name="@BeforeMethod setup" time="0.0" classname="TestScripts.TestScript1">
    <skipped/>
  </testcase> <!-- @BeforeMethod setup -->
  <testcase name="@AfterMethod teardown" time="0.0" classname="TestScripts.TestScript1">
    <skipped/>
  </testcase> <!-- @AfterMethod teardown -->
  <testcase name="loginTest" time="11.309" classname="TestScripts.TestScript1"/>
  <testcase name="loginTest" time="11.039" classname="TestScripts.TestScript1"/>
  <testcase name="loginTest" time="9.728" classname="TestScripts.TestScript1"/>
  <testcase name="loginTest" time="9.309" classname="TestScripts.TestScript1"/>
  <testcase name="loginTest" time="29.686" classname="TestScripts.TestScript1"/>
  <testcase name="loginTest" time="0.0" classname="TestScripts.TestScript1">
    <skipped/>
  </testcase> <!-- loginTest -->
  <testcase name="loginTest" time="0.0" classname="TestScripts.TestScript1">
    <skipped/>
  </testcase> <!-- loginTest -->
  <testcase name="OneWayFlightBkg" time="19.673" classname="TestScripts.TestScript2"/>
  <testcase name="OneWayFlightBkg" time="15.22" classname="TestScripts.TestScript2"/>
</testsuite> <!-- Test -->
