<?xml version="1.0" encoding="UTF-8"?>
<!-- Generated by org.testng.reporters.JUnitXMLReporter -->
<testsuite hostname="DELL-PC" ignored="0" name="Default test" tests="3" failures="0" timestamp="21 Jul 2019 05:31:02 GMT" time="0.062" errors="0">
  <testcase name="testcase1" time="0.016" classname="basicAnnotation.TestClass2"/>
  <testcase name="testcase2" time="0.0" classname="basicAnnotation.TestClass2"/>
  <testcase name="testcase3" time="0.0" classname="basicAnnotation.TestClass2"/>
</testsuite> <!-- Default test -->
