<?xml version="1.0" encoding="UTF-8"?>
<testng-results skipped="0" failed="0" ignored="1" total="18" passed="17">
  <reporter-output>
  </reporter-output>
  <suite name="Suite" duration-ms="134" started-at="2019-07-21T06:21:30Z" finished-at="2019-07-21T06:21:31Z">
    <groups>
    </groups>
    <test name="Test1" duration-ms="63" started-at="2019-07-21T06:21:30Z" finished-at="2019-07-21T06:21:31Z">
      <class name="basicAnnotation.TestClass3">
        <test-method status="PASS" signature="testcase1()[pri:0, instance:basicAnnotation.TestClass3@28feb3fa]" name="testcase1" duration-ms="1" started-at="2019-07-21T06:21:31Z" finished-at="2019-07-21T06:21:31Z">
          <reporter-output>
          </reporter-output>
        </test-method> <!-- testcase1 -->
        <test-method status="PASS" signature="testcase2()[pri:0, instance:basicAnnotation.TestClass3@28feb3fa]" name="testcase2" duration-ms="1" started-at="2019-07-21T06:21:31Z" finished-at="2019-07-21T06:21:31Z">
          <reporter-output>
          </reporter-output>
        </test-method> <!-- testcase2 -->
        <test-method status="PASS" signature="testcase3()[pri:0, instance:basicAnnotation.TestClass3@28feb3fa]" name="testcase3" duration-ms="2" started-at="2019-07-21T06:21:31Z" finished-at="2019-07-21T06:21:31Z">
          <reporter-output>
          </reporter-output>
        </test-method> <!-- testcase3 -->
      </class> <!-- basicAnnotation.TestClass3 -->
      <class name="basicAnnotation.TestClass1">
        <test-method status="PASS" signature="beforeClass()[pri:0, instance:basicAnnotation.TestClass1@68be2bc2]" name="beforeClass" is-config="true" duration-ms="0" started-at="2019-07-21T06:21:30Z" finished-at="2019-07-21T06:21:30Z">
          <reporter-output>
          </reporter-output>
        </test-method> <!-- beforeClass -->
        <test-method status="PASS" signature="beforeMethod()[pri:0, instance:basicAnnotation.TestClass1@68be2bc2]" name="beforeMethod" is-config="true" duration-ms="0" started-at="2019-07-21T06:21:30Z" finished-at="2019-07-21T06:21:30Z">
          <reporter-output>
          </reporter-output>
        </test-method> <!-- beforeMethod -->
        <test-method status="PASS" signature="testcase1()[pri:0, instance:basicAnnotation.TestClass1@68be2bc2]" name="testcase1" duration-ms="7" started-at="2019-07-21T06:21:30Z" finished-at="2019-07-21T06:21:31Z">
          <reporter-output>
          </reporter-output>
        </test-method> <!-- testcase1 -->
        <test-method status="PASS" signature="afterMethod()[pri:0, instance:basicAnnotation.TestClass1@68be2bc2]" name="afterMethod" is-config="true" duration-ms="1" started-at="2019-07-21T06:21:31Z" finished-at="2019-07-21T06:21:31Z">
          <reporter-output>
          </reporter-output>
        </test-method> <!-- afterMethod -->
        <test-method status="PASS" signature="beforeMethod()[pri:0, instance:basicAnnotation.TestClass1@68be2bc2]" name="beforeMethod" is-config="true" duration-ms="1" started-at="2019-07-21T06:21:31Z" finished-at="2019-07-21T06:21:31Z">
          <reporter-output>
          </reporter-output>
        </test-method> <!-- beforeMethod -->
        <test-method status="PASS" signature="testcase2()[pri:0, instance:basicAnnotation.TestClass1@68be2bc2]" name="testcase2" duration-ms="2" started-at="2019-07-21T06:21:31Z" finished-at="2019-07-21T06:21:31Z">
          <reporter-output>
          </reporter-output>
        </test-method> <!-- testcase2 -->
        <test-method status="PASS" signature="afterMethod()[pri:0, instance:basicAnnotation.TestClass1@68be2bc2]" name="afterMethod" is-config="true" duration-ms="0" started-at="2019-07-21T06:21:31Z" finished-at="2019-07-21T06:21:31Z">
          <reporter-output>
          </reporter-output>
        </test-method> <!-- afterMethod -->
        <test-method status="PASS" signature="testcase3()[pri:0, instance:basicAnnotation.TestClass1@68be2bc2]" name="testcase3" duration-ms="2" started-at="2019-07-21T06:21:31Z" finished-at="2019-07-21T06:21:31Z">
          <reporter-output>
          </reporter-output>
        </test-method> <!-- testcase3 -->
        <test-method status="PASS" signature="beforeMethod()[pri:0, instance:basicAnnotation.TestClass1@68be2bc2]" name="beforeMethod" is-config="true" duration-ms="0" started-at="2019-07-21T06:21:31Z" finished-at="2019-07-21T06:21:31Z">
          <reporter-output>
          </reporter-output>
        </test-method> <!-- beforeMethod -->
        <test-method status="PASS" signature="afterMethod()[pri:0, instance:basicAnnotation.TestClass1@68be2bc2]" name="afterMethod" is-config="true" duration-ms="1" started-at="2019-07-21T06:21:31Z" finished-at="2019-07-21T06:21:31Z">
          <reporter-output>
          </reporter-output>
        </test-method> <!-- afterMethod -->
        <test-method status="PASS" signature="afterClass()[pri:0, instance:basicAnnotation.TestClass1@68be2bc2]" name="afterClass" is-config="true" duration-ms="0" started-at="2019-07-21T06:21:31Z" finished-at="2019-07-21T06:21:31Z">
          <reporter-output>
          </reporter-output>
        </test-method> <!-- afterClass -->
      </class> <!-- basicAnnotation.TestClass1 -->
      <class name="basicAnnotation.TestClass2">
        <test-method status="PASS" signature="beforeClass()[pri:0, instance:basicAnnotation.TestClass2@675d3402]" name="beforeClass" is-config="true" duration-ms="0" started-at="2019-07-21T06:21:31Z" finished-at="2019-07-21T06:21:31Z">
          <reporter-output>
          </reporter-output>
        </test-method> <!-- beforeClass -->
        <test-method status="PASS" signature="beforeMethod()[pri:0, instance:basicAnnotation.TestClass2@675d3402]" name="beforeMethod" is-config="true" duration-ms="1" started-at="2019-07-21T06:21:31Z" finished-at="2019-07-21T06:21:31Z">
          <reporter-output>
          </reporter-output>
        </test-method> <!-- beforeMethod -->
        <test-method status="PASS" signature="testcase1()[pri:0, instance:basicAnnotation.TestClass2@675d3402]" name="testcase1" duration-ms="2" started-at="2019-07-21T06:21:31Z" finished-at="2019-07-21T06:21:31Z">
          <reporter-output>
          </reporter-output>
        </test-method> <!-- testcase1 -->
        <test-method status="PASS" signature="afterMethod()[pri:0, instance:basicAnnotation.TestClass2@675d3402]" name="afterMethod" is-config="true" duration-ms="0" started-at="2019-07-21T06:21:31Z" finished-at="2019-07-21T06:21:31Z">
          <reporter-output>
          </reporter-output>
        </test-method> <!-- afterMethod -->
        <test-method status="PASS" signature="testcase3()[pri:0, instance:basicAnnotation.TestClass2@675d3402]" name="testcase3" duration-ms="1" started-at="2019-07-21T06:21:31Z" finished-at="2019-07-21T06:21:31Z">
          <reporter-output>
          </reporter-output>
        </test-method> <!-- testcase3 -->
        <test-method status="PASS" signature="beforeMethod()[pri:0, instance:basicAnnotation.TestClass2@675d3402]" name="beforeMethod" is-config="true" duration-ms="0" started-at="2019-07-21T06:21:31Z" finished-at="2019-07-21T06:21:31Z">
          <reporter-output>
          </reporter-output>
        </test-method> <!-- beforeMethod -->
        <test-method status="PASS" signature="afterClass()[pri:0, instance:basicAnnotation.TestClass2@675d3402]" name="afterClass" is-config="true" duration-ms="0" started-at="2019-07-21T06:21:31Z" finished-at="2019-07-21T06:21:31Z">
          <reporter-output>
          </reporter-output>
        </test-method> <!-- afterClass -->
        <test-method status="PASS" signature="afterMethod()[pri:0, instance:basicAnnotation.TestClass2@675d3402]" name="afterMethod" is-config="true" duration-ms="0" started-at="2019-07-21T06:21:31Z" finished-at="2019-07-21T06:21:31Z">
          <reporter-output>
          </reporter-output>
        </test-method> <!-- afterMethod -->
      </class> <!-- basicAnnotation.TestClass2 -->
      <class name="basicAnnotation.Test1">
        <test-method status="PASS" signature="beforeTest()[pri:0, instance:basicAnnotation.Test1@20e2cbe0]" name="beforeTest" is-config="true" duration-ms="0" started-at="2019-07-21T06:21:30Z" finished-at="2019-07-21T06:21:30Z">
          <reporter-output>
          </reporter-output>
        </test-method> <!-- beforeTest -->
        <test-method status="PASS" signature="afterTest()[pri:0, instance:basicAnnotation.Test1@20e2cbe0]" name="afterTest" is-config="true" duration-ms="0" started-at="2019-07-21T06:21:31Z" finished-at="2019-07-21T06:21:31Z">
          <reporter-output>
          </reporter-output>
        </test-method> <!-- afterTest -->
      </class> <!-- basicAnnotation.Test1 -->
    </test> <!-- Test1 -->
    <test name="Test2" duration-ms="33" started-at="2019-07-21T06:21:31Z" finished-at="2019-07-21T06:21:31Z">
      <class name="basicAnnotation.TestClass3">
        <test-method status="PASS" signature="testcase1()[pri:0, instance:basicAnnotation.TestClass3@6f7fd0e6]" name="testcase1" duration-ms="2" started-at="2019-07-21T06:21:31Z" finished-at="2019-07-21T06:21:31Z">
          <reporter-output>
          </reporter-output>
        </test-method> <!-- testcase1 -->
        <test-method status="PASS" signature="testcase2()[pri:0, instance:basicAnnotation.TestClass3@6f7fd0e6]" name="testcase2" duration-ms="1" started-at="2019-07-21T06:21:31Z" finished-at="2019-07-21T06:21:31Z">
          <reporter-output>
          </reporter-output>
        </test-method> <!-- testcase2 -->
        <test-method status="PASS" signature="testcase3()[pri:0, instance:basicAnnotation.TestClass3@6f7fd0e6]" name="testcase3" duration-ms="1" started-at="2019-07-21T06:21:31Z" finished-at="2019-07-21T06:21:31Z">
          <reporter-output>
          </reporter-output>
        </test-method> <!-- testcase3 -->
      </class> <!-- basicAnnotation.TestClass3 -->
      <class name="basicAnnotation.TestClass1">
        <test-method status="PASS" signature="beforeClass()[pri:0, instance:basicAnnotation.TestClass1@27efef64]" name="beforeClass" is-config="true" duration-ms="0" started-at="2019-07-21T06:21:31Z" finished-at="2019-07-21T06:21:31Z">
          <reporter-output>
          </reporter-output>
        </test-method> <!-- beforeClass -->
        <test-method status="PASS" signature="beforeMethod()[pri:0, instance:basicAnnotation.TestClass1@27efef64]" name="beforeMethod" is-config="true" duration-ms="0" started-at="2019-07-21T06:21:31Z" finished-at="2019-07-21T06:21:31Z">
          <reporter-output>
          </reporter-output>
        </test-method> <!-- beforeMethod -->
        <test-method status="PASS" signature="testcase1()[pri:0, instance:basicAnnotation.TestClass1@27efef64]" name="testcase1" duration-ms="1" started-at="2019-07-21T06:21:31Z" finished-at="2019-07-21T06:21:31Z">
          <reporter-output>
          </reporter-output>
        </test-method> <!-- testcase1 -->
        <test-method status="PASS" signature="afterMethod()[pri:0, instance:basicAnnotation.TestClass1@27efef64]" name="afterMethod" is-config="true" duration-ms="0" started-at="2019-07-21T06:21:31Z" finished-at="2019-07-21T06:21:31Z">
          <reporter-output>
          </reporter-output>
        </test-method> <!-- afterMethod -->
        <test-method status="PASS" signature="beforeMethod()[pri:0, instance:basicAnnotation.TestClass1@27efef64]" name="beforeMethod" is-config="true" duration-ms="0" started-at="2019-07-21T06:21:31Z" finished-at="2019-07-21T06:21:31Z">
          <reporter-output>
          </reporter-output>
        </test-method> <!-- beforeMethod -->
        <test-method status="PASS" signature="testcase2()[pri:0, instance:basicAnnotation.TestClass1@27efef64]" name="testcase2" duration-ms="2" started-at="2019-07-21T06:21:31Z" finished-at="2019-07-21T06:21:31Z">
          <reporter-output>
          </reporter-output>
        </test-method> <!-- testcase2 -->
        <test-method status="PASS" signature="afterMethod()[pri:0, instance:basicAnnotation.TestClass1@27efef64]" name="afterMethod" is-config="true" duration-ms="0" started-at="2019-07-21T06:21:31Z" finished-at="2019-07-21T06:21:31Z">
          <reporter-output>
          </reporter-output>
        </test-method> <!-- afterMethod -->
        <test-method status="PASS" signature="testcase3()[pri:0, instance:basicAnnotation.TestClass1@27efef64]" name="testcase3" duration-ms="1" started-at="2019-07-21T06:21:31Z" finished-at="2019-07-21T06:21:31Z">
          <reporter-output>
          </reporter-output>
        </test-method> <!-- testcase3 -->
        <test-method status="PASS" signature="beforeMethod()[pri:0, instance:basicAnnotation.TestClass1@27efef64]" name="beforeMethod" is-config="true" duration-ms="0" started-at="2019-07-21T06:21:31Z" finished-at="2019-07-21T06:21:31Z">
          <reporter-output>
          </reporter-output>
        </test-method> <!-- beforeMethod -->
        <test-method status="PASS" signature="afterClass()[pri:0, instance:basicAnnotation.TestClass1@27efef64]" name="afterClass" is-config="true" duration-ms="0" started-at="2019-07-21T06:21:31Z" finished-at="2019-07-21T06:21:31Z">
          <reporter-output>
          </reporter-output>
        </test-method> <!-- afterClass -->
        <test-method status="PASS" signature="afterMethod()[pri:0, instance:basicAnnotation.TestClass1@27efef64]" name="afterMethod" is-config="true" duration-ms="0" started-at="2019-07-21T06:21:31Z" finished-at="2019-07-21T06:21:31Z">
          <reporter-output>
          </reporter-output>
        </test-method> <!-- afterMethod -->
      </class> <!-- basicAnnotation.TestClass1 -->
      <class name="basicAnnotation.TestClass2">
        <test-method status="PASS" signature="beforeMethod()[pri:0, instance:basicAnnotation.TestClass2@47c62251]" name="beforeMethod" is-config="true" duration-ms="1" started-at="2019-07-21T06:21:31Z" finished-at="2019-07-21T06:21:31Z">
          <reporter-output>
          </reporter-output>
        </test-method> <!-- beforeMethod -->
        <test-method status="PASS" signature="beforeClass()[pri:0, instance:basicAnnotation.TestClass2@47c62251]" name="beforeClass" is-config="true" duration-ms="0" started-at="2019-07-21T06:21:31Z" finished-at="2019-07-21T06:21:31Z">
          <reporter-output>
          </reporter-output>
        </test-method> <!-- beforeClass -->
        <test-method status="PASS" signature="testcase1()[pri:0, instance:basicAnnotation.TestClass2@47c62251]" name="testcase1" duration-ms="1" started-at="2019-07-21T06:21:31Z" finished-at="2019-07-21T06:21:31Z">
          <reporter-output>
          </reporter-output>
        </test-method> <!-- testcase1 -->
        <test-method status="PASS" signature="afterMethod()[pri:0, instance:basicAnnotation.TestClass2@47c62251]" name="afterMethod" is-config="true" duration-ms="1" started-at="2019-07-21T06:21:31Z" finished-at="2019-07-21T06:21:31Z">
          <reporter-output>
          </reporter-output>
        </test-method> <!-- afterMethod -->
        <test-method status="PASS" signature="beforeMethod()[pri:0, instance:basicAnnotation.TestClass2@47c62251]" name="beforeMethod" is-config="true" duration-ms="0" started-at="2019-07-21T06:21:31Z" finished-at="2019-07-21T06:21:31Z">
          <reporter-output>
          </reporter-output>
        </test-method> <!-- beforeMethod -->
        <test-method status="PASS" signature="testcase2()[pri:0, instance:basicAnnotation.TestClass2@47c62251]" name="testcase2" duration-ms="1" started-at="2019-07-21T06:21:31Z" finished-at="2019-07-21T06:21:31Z">
          <reporter-output>
          </reporter-output>
        </test-method> <!-- testcase2 -->
        <test-method status="PASS" signature="afterMethod()[pri:0, instance:basicAnnotation.TestClass2@47c62251]" name="afterMethod" is-config="true" duration-ms="1" started-at="2019-07-21T06:21:31Z" finished-at="2019-07-21T06:21:31Z">
          <reporter-output>
          </reporter-output>
        </test-method> <!-- afterMethod -->
        <test-method status="PASS" signature="beforeMethod()[pri:0, instance:basicAnnotation.TestClass2@47c62251]" name="beforeMethod" is-config="true" duration-ms="1" started-at="2019-07-21T06:21:31Z" finished-at="2019-07-21T06:21:31Z">
          <reporter-output>
          </reporter-output>
        </test-method> <!-- beforeMethod -->
        <test-method status="PASS" signature="testcase3()[pri:0, instance:basicAnnotation.TestClass2@47c62251]" name="testcase3" duration-ms="1" started-at="2019-07-21T06:21:31Z" finished-at="2019-07-21T06:21:31Z">
          <reporter-output>
          </reporter-output>
        </test-method> <!-- testcase3 -->
        <test-method status="PASS" signature="afterMethod()[pri:0, instance:basicAnnotation.TestClass2@47c62251]" name="afterMethod" is-config="true" duration-ms="0" started-at="2019-07-21T06:21:31Z" finished-at="2019-07-21T06:21:31Z">
          <reporter-output>
          </reporter-output>
        </test-method> <!-- afterMethod -->
        <test-method status="PASS" signature="afterClass()[pri:0, instance:basicAnnotation.TestClass2@47c62251]" name="afterClass" is-config="true" duration-ms="0" started-at="2019-07-21T06:21:31Z" finished-at="2019-07-21T06:21:31Z">
          <reporter-output>
          </reporter-output>
        </test-method> <!-- afterClass -->
      </class> <!-- basicAnnotation.TestClass2 -->
      <class name="basicAnnotation.Test2">
        <test-method status="PASS" signature="beforeTest()[pri:0, instance:basicAnnotation.Test2@59f99ea]" name="beforeTest" is-config="true" duration-ms="1" started-at="2019-07-21T06:21:31Z" finished-at="2019-07-21T06:21:31Z">
          <reporter-output>
          </reporter-output>
        </test-method> <!-- beforeTest -->
        <test-method status="PASS" signature="afterTest()[pri:0, instance:basicAnnotation.Test2@59f99ea]" name="afterTest" is-config="true" duration-ms="1" started-at="2019-07-21T06:21:31Z" finished-at="2019-07-21T06:21:31Z">
          <reporter-output>
          </reporter-output>
        </test-method> <!-- afterTest -->
      </class> <!-- basicAnnotation.Test2 -->
      <class name="basicAnnotation.Suite1">
        <test-method status="PASS" signature="beforeSuite()[pri:0, instance:basicAnnotation.Suite1@2a5ca609]" name="beforeSuite" is-config="true" duration-ms="13" started-at="2019-07-21T06:21:30Z" finished-at="2019-07-21T06:21:30Z">
          <reporter-output>
          </reporter-output>
        </test-method> <!-- beforeSuite -->
        <test-method status="PASS" signature="afterSuite()[pri:0, instance:basicAnnotation.Suite1@2a5ca609]" name="afterSuite" is-config="true" duration-ms="0" started-at="2019-07-21T06:21:31Z" finished-at="2019-07-21T06:21:31Z">
          <reporter-output>
          </reporter-output>
        </test-method> <!-- afterSuite -->
      </class> <!-- basicAnnotation.Suite1 -->
    </test> <!-- Test2 -->
  </suite> <!-- Suite -->
</testng-results>
