<?xml version="1.0" encoding="UTF-8"?>
<!-- Generated by org.testng.reporters.JUnitXMLReporter -->
<testsuite hostname="DELL-PC" ignored="0" name="Test2" tests="9" failures="0" timestamp="21 Jul 2019 06:21:31 GMT" time="0.033" errors="0">
  <testcase name="testcase1" time="0.001" classname="basicAnnotation.TestClass1"/>
  <testcase name="testcase2" time="0.002" classname="basicAnnotation.TestClass1"/>
  <testcase name="testcase3" time="0.001" classname="basicAnnotation.TestClass1"/>
  <testcase name="testcase1" time="0.002" classname="basicAnnotation.TestClass3"/>
  <testcase name="testcase2" time="0.001" classname="basicAnnotation.TestClass3"/>
  <testcase name="testcase3" time="0.001" classname="basicAnnotation.TestClass3"/>
  <testcase name="testcase1" time="0.001" classname="basicAnnotation.TestClass2"/>
  <testcase name="testcase2" time="0.001" classname="basicAnnotation.TestClass2"/>
  <testcase name="testcase3" time="0.001" classname="basicAnnotation.TestClass2"/>
</testsuite> <!-- Test2 -->
