<?xml version="1.0" encoding="UTF-8"?>
<!-- Generated by org.testng.reporters.JUnitXMLReporter -->
<testsuite hostname="DELL-PC" ignored="0" name="Test" tests="9" failures="0" timestamp="21 Jul 2019 05:44:07 GMT" time="0.093" errors="0">
  <testcase name="testcase1" time="0.015" classname="basicAnnotation.TestClass1"/>
  <testcase name="testcase2" time="0.0" classname="basicAnnotation.TestClass1"/>
  <testcase name="testcase3" time="0.016" classname="basicAnnotation.TestClass1"/>
  <testcase name="testcase1" time="0.0" classname="basicAnnotation.TestClass3"/>
  <testcase name="testcase2" time="0.0" classname="basicAnnotation.TestClass3"/>
  <testcase name="testcase3" time="0.0" classname="basicAnnotation.TestClass3"/>
  <testcase name="testcase1" time="0.0" classname="basicAnnotation.TestClass2"/>
  <testcase name="testcase2" time="0.0" classname="basicAnnotation.TestClass2"/>
  <testcase name="testcase3" time="0.0" classname="basicAnnotation.TestClass2"/>
</testsuite> <!-- Test -->
