<?xml version="1.0" encoding="UTF-8"?>
<!-- Generated by org.testng.reporters.JUnitXMLReporter -->
<testsuite hostname="DELL-PC" ignored="1" name="Test1" tests="8" failures="0" timestamp="21 Jul 2019 06:21:31 GMT" time="0.063" errors="0">
  <testcase name="testcase1" time="0.007" classname="basicAnnotation.TestClass1"/>
  <testcase name="testcase2" time="0.002" classname="basicAnnotation.TestClass1"/>
  <testcase name="testcase3" time="0.002" classname="basicAnnotation.TestClass1"/>
  <testcase name="testcase1" time="0.001" classname="basicAnnotation.TestClass3"/>
  <testcase name="testcase2" time="0.001" classname="basicAnnotation.TestClass3"/>
  <testcase name="testcase3" time="0.002" classname="basicAnnotation.TestClass3"/>
  <testcase name="testcase1" time="0.002" classname="basicAnnotation.TestClass2"/>
  <testcase name="testcase3" time="0.001" classname="basicAnnotation.TestClass2"/>
  <testcase name="testcase2" time="0.0" classname="basicAnnotation.TestClass2">
    <ignored/>
  </testcase> <!-- testcase2 -->
</testsuite> <!-- Test1 -->
